<?xml version="1.0" encoding="UTF-8"?>
<!-- Generated by org.testng.reporters.JUnitReportReporter -->
<testsuite hostname="Sarvesh" failures="0" tests="1" name="Axis_Data_Driven.Data_driven_framework.ReadExcel" time="4.194" errors="0" timestamp="2024-02-28T10:31:29 IST" skipped="0">
  <testcase classname="Axis_Data_Driven.Data_driven_framework.ReadExcel" name="fblogin" time="4.194"/>
  <system-out/>
</testsuite> <!-- Axis_Data_Driven.Data_driven_framework.ReadExcel -->
